<?xml version="1.0" encoding="UTF-8"?>
<testsuite xmlns:xsi="http://www.w3.org/2001/XMLSchema-instance" xsi:noNamespaceSchemaLocation="https://maven.apache.org/surefire/maven-surefire-plugin/xsd/surefire-test-report.xsd" name="com.prgrms.management.voucher.domain.PercentAmountVoucherTest" time="0" tests="2" errors="0" skipped="0" failures="0">
  <properties>
[...]
</properties>
  <testcase name="Percent_Voucher_주입" classname="com.prgrms.management.voucher.domain.PercentAmountVoucherTest" time="0"/>
  <testcase name="리스트를_위한_Percent_Voucher_주입" classname="com.prgrms.management.voucher.domain.PercentAmountVoucherTest" time="0"/>
</testsuite>